[  0] Utilization = 0.06 | pJ/Compute =  162.645 | L5[WIO] Q1 - L4[IO] Q1 - L3[I] Q1 M4Y - L2[W] C6656 - L1[O] Q1 C4Y - L0[W] Q1 
[  1] Utilization = 0.12 | pJ/Compute =  162.523 | L5[WIO] Q1 - L4[IO] Q1 C2X - L3[I] Q1 M4Y - L2[W] C3328 - L1[O] Q1 C4Y - L0[W] Q1 
[  6] Utilization = 0.81 | pJ/Compute =  162.420 | L5[WIO] Q1 - L4[IO] Q1 C13X - L3[I] Q1 M4Y - L2[W] C512 - L1[O] Q1 C4Y - L0[W] Q1 
[  4] Utilization = 0.50 | pJ/Compute =  162.431 | L5[WIO] Q1 - L4[IO] Q1 C8X - L3[I] Q1 M4Y - L2[W] C832 - L1[O] Q1 C4Y - L0[W] Q1 
[  7] Utilization = 1.00 | pJ/Compute =  162.416 | L5[WIO] Q1 - L4[IO] Q1 C16X - L3[I] Q1 M4Y - L2[W] C416 - L1[O] Q1 C4Y - L0[W] Q1 
[  2] Utilization = 0.25 | pJ/Compute =  162.462 | L5[WIO] Q1 - L4[IO] Q1 C4X - L3[I] Q1 M4Y - L2[W] C1664 - L1[O] Q1 C4Y - L0[W] Q1 
[  3] Utilization = 0.06 | pJ/Compute =  162.645 | L5[WIO] Q1 - L4[IO] C832 - L3[I] Q1 M4Y - L2[W] C8 - L1[O] Q1 C4Y - L0[W] Q1 
[  0] Utilization = 0.12 | pJ/Compute =  162.523 | L5[WIO] C26 - L4[IO] C128 C2X - L3[I] Q1 M4Y - L2[W] Q1 - L1[O] Q1 C4Y - L0[W] Q1 
[  5] Utilization = 0.25 | pJ/Compute =  162.462 | L5[WIO] Q1 - L4[IO] C832 C4X - L3[I] Q1 M4Y - L2[W] C2 - L1[O] Q1 C4Y - L0[W] Q1 
[  0] Utilization = 0.50 | pJ/Compute =  162.431 | L5[WIO] C4 - L4[IO] C104 C8X - L3[I] Q1 M4Y - L2[W] C2 - L1[O] Q1 C4Y - L0[W] Q1 
[  1] Utilization = 1.00 | pJ/Compute =  162.416 | L5[WIO] C4 - L4[IO] C104 C16X - L3[I] Q1 M4Y - L2[W] Q1 - L1[O] Q1 C4Y - L0[W] Q1 
[  5] Utilization = 0.81 | pJ/Compute =  162.420 | L5[WIO] C32 - L4[IO] Q1 C13X - L3[I] Q1 M4Y - L2[W] C16 - L1[O] Q1 C4Y - L0[W] Q1 
[  3] Utilization = 0.25 | pJ/Compute =  162.462 | L5[WIO] C32 - L4[IO] Q1 C4X - L3[I] Q1 M4Y - L2[W] C52 - L1[O] Q1 C4Y - L0[W] Q1 
[  3] Utilization = 0.81 | pJ/Compute =  162.420 | L5[WIO] C4 - L4[IO] C128 C13X - L3[I] Q1 M4Y - L2[W] Q1 - L1[O] Q1 C4Y - L0[W] Q1 
[  6] Utilization = 1.00 | pJ/Compute =  162.416 | L5[WIO] C32 - L4[IO] Q1 C16X - L3[I] Q1 M4Y - L2[W] C13 - L1[O] Q1 C4Y - L0[W] Q1 
[  3] Utilization = 1.00 | pJ/Compute =  162.416 | L5[WIO] Q1 - L4[IO] C4 C16X - L3[I] Q1 M4Y - L2[W] C104 - L1[O] Q1 C4Y - L0[W] Q1 
[  5] Utilization = 1.00 | pJ/Compute =  162.416 | L5[WIO] C104 - L4[IO] C4 C16X - L3[I] Q1 M4Y - L2[W] Q1 - L1[O] Q1 C4Y - L0[W] Q1 
[  2] Utilization = 0.81 | pJ/Compute =  162.420 | L5[WIO] Q1 - L4[IO] C4 C13X - L3[I] Q1 M4Y - L2[W] C128 - L1[O] Q1 C4Y - L0[W] Q1 
[  4] Utilization = 1.00 | pJ/Compute =  162.416 | L5[WIO] C52 - L4[IO] C2 C16X - L3[I] Q1 M4Y - L2[W] C4 - L1[O] Q1 C4Y - L0[W] Q1 
[  0] Utilization = 0.81 | pJ/Compute =  162.420 | L5[WIO] C16 - L4[IO] C8 C13X - L3[I] Q1 M4Y - L2[W] C4 - L1[O] Q1 C4Y - L0[W] Q1 
[  2] Utilization = 1.00 | pJ/Compute =  162.416 | L5[WIO] Q1 - L4[IO] C2 C16X - L3[I] Q1 M4Y - L2[W] C208 - L1[O] Q1 C4Y - L0[W] Q1 
[  0] Utilization = 1.00 | pJ/Compute =  162.416 | L5[WIO] C16 - L4[IO] C2 C16X - L3[I] Q1 M4Y - L2[W] C13 - L1[O] Q1 C4Y - L0[W] Q1 
Interrupt caught. Mapper threads will terminate after completing any ongoing evaluations.
[  5] STATEMENT: global termination flag activated, terminating search.
[  6] STATEMENT: global termination flag activated, terminating search.
[  4] STATEMENT: global termination flag activated, terminating search.
[  7] STATEMENT: global termination flag activated, terminating search.
[  1] STATEMENT: global termination flag activated, terminating search.
[  3] STATEMENT: global termination flag activated, terminating search.
[  0] STATEMENT: global termination flag activated, terminating search.
[  2] STATEMENT: global termination flag activated, terminating search.
