[  3] Utilization = 0.12 | pJ/Compute =  130.898 | L5[WIO] P7 M4 C16 - L4[IO] P73 M4 M2X - L3[I] Q1 M4Y - L2[W] R18 - L1[O] Q1 C4Y - L0[W] Q1 
[  5] Utilization = 0.25 | pJ/Compute =  130.836 | L5[WIO] P7 M4 C8 - L4[IO] P73 M4 C2X M2X - L3[I] Q1 M4Y - L2[W] R18 - L1[O] Q1 C4Y - L0[W] Q1 
[  3] Utilization = 0.25 | pJ/Compute =  130.616 | L5[WIO] P511 - L4[IO] M2 C2 C2X M2X - L3[I] Q1 M4Y - L2[W] C4 R18 - L1[O] M8 C4Y - L0[W] Q1 
[  1] Utilization = 0.25 | pJ/Compute =  130.841 | L5[WIO] P7 M4 C4 - L4[IO] P73 M4 C2 C2X M2X - L3[I] Q1 M4Y - L2[W] R18 - L1[O] Q1 C4Y - L0[W] Q1 
[  5] Utilization = 1.00 | pJ/Compute =  130.570 | L5[WIO] P511 - L4[IO] M2 C2 C8X M2X - L3[I] Q1 M4Y - L2[W] R18 - L1[O] M8 C4Y - L0[W] Q1 
[  1] Utilization = 1.00 | pJ/Compute =  130.569 | L5[WIO] P511 - L4[IO] M2 C8X M2X - L3[I] Q1 M4Y - L2[W] C2 R18 - L1[O] M8 C4Y - L0[W] Q1 
[  2] Utilization = 0.12 | pJ/Compute =  130.901 | L5[WIO] P7 M4 C4 - L4[IO] P73 M4 C4 M2X - L3[I] Q1 M4Y - L2[W] R18 - L1[O] Q1 C4Y - L0[W] Q1 
[  7] Utilization = 0.06 | pJ/Compute =  130.810 | L5[WIO] P7 M4 - L4[IO] P73 M8 - L3[I] Q1 M4Y - L2[W] C16 R18 - L1[O] Q1 C4Y - L0[W] Q1 
[  4] Utilization = 0.12 | pJ/Compute =  130.896 | L5[WIO] P7 M4 C8 - L4[IO] P73 M4 M2X - L3[I] Q1 M4Y - L2[W] R18 C2 - L1[O] Q1 C4Y - L0[W] Q1 
[  0] Utilization = 0.12 | pJ/Compute =  130.901 | L5[WIO] P7 M4 C4 - L4[IO] P73 M4 C2 M2X - L3[I] Q1 M4Y - L2[W] C2 R18 - L1[O] Q1 C4Y - L0[W] Q1 
[  6] Utilization = 0.12 | pJ/Compute =  130.902 | L5[WIO] P7 M4 C8 - L4[IO] P73 M4 C2 M2X - L3[I] Q1 M4Y - L2[W] R18 - L1[O] Q1 C4Y - L0[W] Q1 
[  2] Utilization = 0.12 | pJ/Compute =  130.677 | L5[WIO] P511 - L4[IO] M2 C2 M2X - L3[I] Q1 M4Y - L2[W] C8 R18 - L1[O] M8 C4Y - L0[W] Q1 
[  7] Utilization = 0.25 | pJ/Compute =  130.616 | L5[WIO] P511 - L4[IO] M2 C4 C2X M2X - L3[I] Q1 M4Y - L2[W] C2 R18 - L1[O] M8 C4Y - L0[W] Q1 
[  6] Utilization = 0.12 | pJ/Compute =  130.677 | L5[WIO] P511 - L4[IO] M2 C4 M2X - L3[I] Q1 M4Y - L2[W] R18 C4 - L1[O] M8 C4Y - L0[W] Q1 
[  6] Utilization = 1.00 | pJ/Compute =  134.515 | L5[WIO] P511 M4 C2 - L4[IO] M4 C8X M2X - L3[I] Q1 M4Y - L2[W] R18 - L1[O] Q1 C4Y - L0[W] Q1 
[  4] Utilization = 0.50 | pJ/Compute =  130.585 | L5[WIO] P511 - L4[IO] M2 C2 C4X M2X - L3[I] Q1 M4Y - L2[W] R18 C2 - L1[O] M8 C4Y - L0[W] Q1 
[  2] Utilization = 0.25 | pJ/Compute =  131.566 | L5[WIO] P511 M4 - L4[IO] M4 C8 C2X M2X - L3[I] Q1 M4Y - L2[W] R18 - L1[O] Q1 C4Y - L0[W] Q1 
[  2] Utilization = 1.00 | pJ/Compute =  130.577 | L5[WIO] M16 - L4[IO] P511 C2 C8X M2X - L3[I] Q1 M4Y - L2[W] R18 - L1[O] Q1 C4Y - L0[W] Q1 
[  0] Utilization = 0.25 | pJ/Compute =  130.623 | L5[WIO] M16 - L4[IO] P511 C2 C2X M2X - L3[I] Q1 M4Y - L2[W] R18 C4 - L1[O] Q1 C4Y - L0[W] Q1 
[  3] Utilization = 0.25 | pJ/Compute =   21.202 | L5[WIO] P73 M2 C8 - L4[IO] P7 C2X M2X - L3[I] Q1 M4Y - L2[W] R18 - L1[O] M8 C4Y - L0[W] Q1 
[  7] Utilization = 1.00 | pJ/Compute =   20.963 | L5[WIO] P73 M2 - L4[IO] P7 C4X M4X - L3[I] Q1 M4Y - L2[W] R18 C4 - L1[O] M4 C4Y - L0[W] Q1 
[  3] Utilization = 0.50 | pJ/Compute =  134.536 | L5[WIO] P511 M4 C4 - L4[IO] M2 C2 C2X M4X - L3[I] Q1 M4Y - L2[W] R18 - L1[O] Q1 C4Y - L0[W] Q1 
[  1] Utilization = 1.00 | pJ/Compute =   20.799 | L5[WIO] M4 - L4[IO] P73 M2 C4 C4X M4X - L3[I] Q1 M4Y - L2[W] R18 - L1[O] Q1 C4Y - L0[W] P7 
[  0] Utilization = 0.50 | pJ/Compute =  134.532 | L5[WIO] P511 M4 C4 - L4[IO] M2 C2X M4X - L3[I] Q1 M4Y - L2[W] R18 C2 - L1[O] Q1 C4Y - L0[W] Q1 
[  3] Utilization = 1.00 | pJ/Compute =  130.576 | L5[WIO] P7 - L4[IO] P73 M2 C2 M16X - L3[I] Q1 M4Y - L2[W] C8 R18 - L1[O] Q1 C4Y - L0[W] Q1 
[  4] Utilization = 0.50 | pJ/Compute =   20.808 | L5[WIO] M4 - L4[IO] P73 M2 C8 C2X M4X - L3[I] Q1 M4Y - L2[W] R18 - L1[O] Q1 C4Y - L0[W] P7 
[  0] Utilization = 1.00 | pJ/Compute =    2.790 | L5[WIO] P7 - L4[IO] P73 C4X M4X - L3[I] Q1 M4Y - L2[W] R18 C4 - L1[O] M8 C4Y - L0[W] Q1 
[  4] Utilization = 1.00 | pJ/Compute =    4.748 | L5[WIO] P7 M8 C2 - L4[IO] Q1 C4X M4X - L3[I] Q1 M4Y - L2[W] R18 C2 - L1[O] Q1 C4Y - L0[W] P73 
[  6] Utilization = 1.00 | pJ/Compute =  130.707 | L5[WIO] P73 C8 - L4[IO] P7 M2 M16X - L3[I] Q1 M4Y - L2[W] C2 R18 - L1[O] Q1 C4Y - L0[W] Q1 
[  4] Utilization = 1.00 | pJ/Compute =    4.304 | L5[WIO] P7 M8 - L4[IO] P73 C8X M2X - L3[I] Q1 M4Y - L2[W] C2 R18 - L1[O] M2 C4Y - L0[W] Q1 
[  2] Utilization = 1.00 | pJ/Compute =    2.811 | L5[WIO] M2 C2 - L4[IO] P7 M16X - L3[I] Q1 M4Y - L2[W] R18 C8 - L1[O] Q1 C4Y - L0[W] P73 
[  6] Utilization = 1.00 | pJ/Compute =    4.315 | L5[WIO] M2 C2 - L4[IO] P7 C2 M16X - L3[I] Q1 M4Y - L2[W] C4 R18 - L1[O] Q1 C4Y - L0[W] P73 
[  7] Utilization = 1.00 | pJ/Compute =   20.798 | L5[WIO] M8 - L4[IO] P73 M4 C16X - L3[I] Q1 M4Y - L2[W] R18 - L1[O] Q1 C4Y - L0[W] P7 
[  4] Utilization = 1.00 | pJ/Compute =    2.816 | L5[WIO] M2 C4 - L4[IO] P73 M16X - L3[I] Q1 M4Y - L2[W] R18 C4 - L1[O] Q1 C4Y - L0[W] P7 
[  3] Utilization = 1.00 | pJ/Compute =   20.856 | L5[WIO] M2 C2 - L4[IO] P73 C8 M16X - L3[I] Q1 M4Y - L2[W] R18 - L1[O] Q1 C4Y - L0[W] P7 
[  1] Utilization = 1.00 | pJ/Compute =    4.257 | L5[WIO] M4 - L4[IO] P7 M2 C4 C4X M4X - L3[I] Q1 M4Y - L2[W] R18 - L1[O] Q1 C4Y - L0[W] P73 
[  7] Utilization = 1.00 | pJ/Compute =    4.430 | L5[WIO] M4 C2 - L4[IO] P7 M2 C4X M4X - L3[I] Q1 M4Y - L2[W] C2 R18 - L1[O] Q1 C4Y - L0[W] P73 
[  7] Utilization = 1.00 | pJ/Compute =    2.932 | L5[WIO] M4 C4 - L4[IO] P73 C2X M8X - L3[I] Q1 M4Y - L2[W] R18 C2 - L1[O] Q1 C4Y - L0[W] P7 
[  3] Utilization = 1.00 | pJ/Compute =   20.798 | L5[WIO] M4 - L4[IO] P73 M2 C2 C8X M2X - L3[I] Q1 M4Y - L2[W] R18 - L1[O] M2 C4Y - L0[W] P7 
[  3] Utilization = 1.00 | pJ/Compute =    4.316 | L5[WIO] M2 C4 - L4[IO] P7 M4 C4X M4X - L3[I] Q1 M4Y - L2[W] R18 - L1[O] Q1 C4Y - L0[W] P73 
[  4] Utilization = 1.00 | pJ/Compute =    2.758 | L5[WIO] M4 - L4[IO] P73 C4X M4X - L3[I] Q1 M4Y - L2[W] R18 C4 - L1[O] M2 C4Y - L0[W] P7 
[  7] Utilization = 1.00 | pJ/Compute =    2.790 | L5[WIO] P73 - L4[IO] P7 C8X M2X - L3[I] Q1 M4Y - L2[W] C2 R18 - L1[O] M16 C4Y - L0[W] Q1 
[  5] Utilization = 1.00 | pJ/Compute =    2.933 | L5[WIO] M4 C4 - L4[IO] P73 C4X M4X - L3[I] Q1 M4Y - L2[W] R18 - L1[O] M2 C4Y - L0[W] P7 
[  5] Utilization = 1.00 | pJ/Compute =    2.790 | L5[WIO] P511 - L4[IO] Q1 C2X M8X - L3[I] Q1 M4Y - L2[W] R18 C8 - L1[O] M4 C4Y - L0[W] Q1 
[  6] Utilization = 1.00 | pJ/Compute =    4.268 | L5[WIO] P7 M4 - L4[IO] Q1 C2X M8X - L3[I] Q1 M4Y - L2[W] R18 C8 - L1[O] Q1 C4Y - L0[W] P73 
[  6] Utilization = 1.00 | pJ/Compute =    2.848 | L5[WIO] M2 C2 - L4[IO] P511 C4X M4X - L3[I] Q1 M4Y - L2[W] C2 R18 - L1[O] M4 C4Y - L0[W] Q1 
[  6] Utilization = 1.00 | pJ/Compute =    2.754 | L5[WIO] M16 - L4[IO] P7 C8X M2X - L3[I] Q1 M4Y - L2[W] C2 R18 - L1[O] Q1 C4Y - L0[W] P73 
[  3] Utilization = 1.00 | pJ/Compute =    4.268 | L5[WIO] P7 M4 - L4[IO] C2 C2X M8X - L3[I] Q1 M4Y - L2[W] R18 C4 - L1[O] Q1 C4Y - L0[W] P73 
[  1] Utilization = 1.00 | pJ/Compute =    2.850 | L5[WIO] M2 C8 - L4[IO] P511 C2X M8X - L3[I] Q1 M4Y - L2[W] R18 - L1[O] M2 C4Y - L0[W] Q1 
[  3] Utilization = 1.00 | pJ/Compute =    4.257 | L5[WIO] P7 - L4[IO] M2 C8 M16X - L3[I] Q1 M4Y - L2[W] C2 R18 - L1[O] Q1 C4Y - L0[W] P73 
[  2] Utilization = 1.00 | pJ/Compute =    2.790 | L5[WIO] M16 - L4[IO] P511 C16X - L3[I] Q1 M4Y - L2[W] R18 - L1[O] M2 C4Y - L0[W] Q1 
[  1] Utilization = 1.00 | pJ/Compute =    2.819 | L5[WIO] M2 C8 - L4[IO] P73 C2X M8X - L3[I] Q1 M4Y - L2[W] R18 - L1[O] M2 C4Y - L0[W] P7 
[  3] Utilization = 1.00 | pJ/Compute =    2.790 | L5[WIO] P511 - L4[IO] Q1 C16X - L3[I] Q1 M4Y - L2[W] R18 - L1[O] M32 C4Y - L0[W] Q1 
[  5] Utilization = 1.00 | pJ/Compute =    2.758 | L5[WIO] M8 - L4[IO] P73 C4X M4X - L3[I] Q1 M4Y - L2[W] C4 R18 - L1[O] Q1 C4Y - L0[W] P7 
[  7] Utilization = 1.00 | pJ/Compute =    2.758 | L5[WIO] P73 - L4[IO] Q1 C8X M2X - L3[I] Q1 M4Y - L2[W] C2 R18 - L1[O] M16 C4Y - L0[W] P7 
[  0] Utilization = 1.00 | pJ/Compute =    2.758 | L5[WIO] P73 - L4[IO] Q1 C4X M4X - L3[I] Q1 M4Y - L2[W] R18 C4 - L1[O] M8 C4Y - L0[W] P7 
[  3] Utilization = 1.00 | pJ/Compute =    2.758 | L5[WIO] M4 - L4[IO] P73 C8X M2X - L3[I] Q1 M4Y - L2[W] R18 C2 - L1[O] M4 C4Y - L0[W] P7 
[  2] Utilization = 1.00 | pJ/Compute =    2.758 | L5[WIO] M16 - L4[IO] P73 C16X - L3[I] Q1 M4Y - L2[W] R18 - L1[O] M2 C4Y - L0[W] P7 
[  5] Utilization = 1.00 | pJ/Compute =    2.754 | L5[WIO] M8 - L4[IO] P7 C4X M4X - L3[I] Q1 M4Y - L2[W] C4 R18 - L1[O] Q1 C4Y - L0[W] P73 
Interrupt caught. Mapper threads will terminate after completing any ongoing evaluations.
[  0] STATEMENT: global termination flag activated, terminating search.
[  6] STATEMENT: global termination flag activated, terminating search.
[  1] STATEMENT: global termination flag activated, terminating search.
[  7] STATEMENT: global termination flag activated, terminating search.
[  5] STATEMENT: global termination flag activated, terminating search.
[  3] STATEMENT: global termination flag activated, terminating search.
[  2] STATEMENT: global termination flag activated, terminating search.
[  4] STATEMENT: global termination flag activated, terminating search.
