[  4] Utilization = 1.00 | pJ/Compute =    4.161 | L5[WIO] P7 M128 - L4[IO] P73 C8X M2X - L3[I] Q1 M4Y - L2[W] R18 C8 - L1[O] Q1 C4Y - L0[W] Q1 
[  2] Utilization = 1.00 | pJ/Compute =  130.445 | L5[WIO] P7 M128 - L4[IO] P73 C2 C8X M2X - L3[I] Q1 M4Y - L2[W] C4 R18 - L1[O] Q1 C4Y - L0[W] Q1 
[  0] Utilization = 0.25 | pJ/Compute =  130.491 | L5[WIO] P7 M128 - L4[IO] P73 C2 C2X M2X - L3[I] Q1 M4Y - L2[W] C16 R18 - L1[O] Q1 C4Y - L0[W] Q1 
[  5] Utilization = 0.25 | pJ/Compute =  130.604 | L5[WIO] P511 M128 - L4[IO] C2 C4X - L3[I] Q1 M4Y - L2[W] R18 C8 - L1[O] M2 C4Y - L0[W] Q1 
[  7] Utilization = 0.12 | pJ/Compute =  130.552 | L5[WIO] P7 M128 - L4[IO] P73 C2 M2X - L3[I] Q1 M4Y - L2[W] R18 C32 - L1[O] Q1 C4Y - L0[W] Q1 
[  3] Utilization = 1.00 | pJ/Compute =  130.437 | L5[WIO] P511 - L4[IO] M4 C2 M16X - L3[I] Q1 M4Y - L2[W] R18 C32 - L1[O] M4 C4Y - L0[W] Q1 
[  1] Utilization = 0.50 | pJ/Compute =  130.460 | L5[WIO] P7 M128 - L4[IO] P73 C2 C4X M2X - L3[I] Q1 M4Y - L2[W] C8 R18 - L1[O] Q1 C4Y - L0[W] Q1 
[  0] Utilization = 1.00 | pJ/Compute =  130.558 | L5[WIO] P511 M128 - L4[IO] C2 C16X - L3[I] Q1 M4Y - L2[W] R18 C2 - L1[O] M2 C4Y - L0[W] Q1 
[  6] Utilization = 0.50 | pJ/Compute =  130.573 | L5[WIO] P511 M128 - L4[IO] C2 C8X - L3[I] Q1 M4Y - L2[W] R18 C4 - L1[O] M2 C4Y - L0[W] Q1 
[  7] Utilization = 0.50 | pJ/Compute =  130.569 | L5[WIO] P511 M8 - L4[IO] C16 C4X M2X - L3[I] Q1 M4Y - L2[W] R18 - L1[O] M16 C4Y - L0[W] Q1 
[  5] Utilization = 1.00 | pJ/Compute =  130.477 | L5[WIO] P73 M2 C4 - L4[IO] P7 M4 C2 C8X M2X - L3[I] Q1 M4Y - L2[W] R18 - L1[O] M16 C4Y - L0[W] Q1 
[  5] Utilization = 1.00 | pJ/Compute =   20.753 | L5[WIO] P73 M4 C2 - L4[IO] M8 C8 C4X M4X - L3[I] Q1 M4Y - L2[W] R18 - L1[O] M2 C4Y - L0[W] P7 
[  3] Utilization = 1.00 | pJ/Compute =   20.753 | L5[WIO] P73 M4 C4 - L4[IO] M8 C4X M4X - L3[I] Q1 M4Y - L2[W] C4 R18 - L1[O] M2 C4Y - L0[W] P7 
[  0] Utilization = 1.00 | pJ/Compute =    4.253 | L5[WIO] P7 M16 C2 - L4[IO] M2 C8 C2X M8X - L3[I] Q1 M4Y - L2[W] R18 C2 - L1[O] Q1 C4Y - L0[W] P73 
[  7] Utilization = 0.50 | pJ/Compute =    4.261 | L5[WIO] P7 M16 C2 - L4[IO] M2 C8 M8X - L3[I] Q1 M4Y - L2[W] C4 R18 - L1[O] Q1 C4Y - L0[W] P73 
[  6] Utilization = 1.00 | pJ/Compute =   21.420 | L5[WIO] P73 M32 C8 - L4[IO] Q1 C2X M8X - L3[I] Q1 M4Y - L2[W] C4 R18 - L1[O] Q1 C4Y - L0[W] P7 
[  1] Utilization = 0.50 | pJ/Compute =   21.429 | L5[WIO] P73 M32 C8 - L4[IO] C2 M8X - L3[I] Q1 M4Y - L2[W] R18 C4 - L1[O] Q1 C4Y - L0[W] P7 
[  1] Utilization = 1.00 | pJ/Compute =  130.446 | L5[WIO] P7 M16 - L4[IO] P73 M16 C4 C16X - L3[I] Q1 M4Y - L2[W] R18 - L1[O] Q1 C4Y - L0[W] Q1 
[  2] Utilization = 1.00 | pJ/Compute =   21.420 | L5[WIO] P73 M32 C8 - L4[IO] C2 C2X M8X - L3[I] Q1 M4Y - L2[W] R18 C2 - L1[O] Q1 C4Y - L0[W] P7 
[  7] Utilization = 1.00 | pJ/Compute =  130.929 | L5[WIO] P511 M4 C4 - L4[IO] Q1 C4X M4X - L3[I] Q1 M4Y - L2[W] R18 C4 - L1[O] M16 C4Y - L0[W] Q1 
[  7] Utilization = 1.00 | pJ/Compute =   20.681 | L5[WIO] P73 M2 - L4[IO] M16 C16 C4X M4X - L3[I] Q1 M4Y - L2[W] R18 - L1[O] M2 C4Y - L0[W] P7 
[  2] Utilization = 1.00 | pJ/Compute =   20.704 | L5[WIO] P73 M2 C2 - L4[IO] M16 C4X M4X - L3[I] Q1 M4Y - L2[W] R18 C8 - L1[O] M2 C4Y - L0[W] P7 
[  1] Utilization = 1.00 | pJ/Compute =   20.754 | L5[WIO] P73 M4 C4 - L4[IO] M4 C16X - L3[I] Q1 M4Y - L2[W] R18 - L1[O] M16 C4Y - L0[W] P7 
[  3] Utilization = 1.00 | pJ/Compute =   20.681 | L5[WIO] P73 M4 - L4[IO] M8 C16 C4X M4X - L3[I] Q1 M4Y - L2[W] R18 - L1[O] M2 C4Y - L0[W] P7 
[  5] Utilization = 1.00 | pJ/Compute =   20.681 | L5[WIO] P73 M4 - L4[IO] M8 C8 C4X M4X - L3[I] Q1 M4Y - L2[W] R18 C2 - L1[O] M2 C4Y - L0[W] P7 
[  6] Utilization = 1.00 | pJ/Compute =   20.681 | L5[WIO] P73 C4 - L4[IO] M16 C2X M8X - L3[I] Q1 M4Y - L2[W] R18 C8 - L1[O] M2 C4Y - L0[W] P7 
[  0] Utilization = 1.00 | pJ/Compute =    4.153 | L5[WIO] P7 M4 C32 - L4[IO] M8 C2X M8X - L3[I] Q1 M4Y - L2[W] R18 - L1[O] Q1 C4Y - L0[W] P73 
[  5] Utilization = 1.00 | pJ/Compute =    4.151 | L5[WIO] P7 M4 C8 - L4[IO] M8 C4 C2X M8X - L3[I] Q1 M4Y - L2[W] R18 - L1[O] Q1 C4Y - L0[W] P73 
[  3] Utilization = 1.00 | pJ/Compute =    4.152 | L5[WIO] P7 M4 C16 - L4[IO] M8 C2X M8X - L3[I] Q1 M4Y - L2[W] C2 R18 - L1[O] Q1 C4Y - L0[W] P73 
[  4] Utilization = 1.00 | pJ/Compute =    4.125 | L5[WIO] P7 M16 - L4[IO] M2 C2 C2X M8X - L3[I] Q1 M4Y - L2[W] C16 R18 - L1[O] Q1 C4Y - L0[W] P73 
[  6] Utilization = 1.00 | pJ/Compute =    6.308 | L5[WIO] P7 M256 C2 - L4[IO] C2 C16X - L3[I] Q1 M4Y - L2[W] R18 - L1[O] Q1 C4Y - L0[W] P73 
[  2] Utilization = 1.00 | pJ/Compute =    4.125 | L5[WIO] P7 M16 - L4[IO] M2 C4 C2X M8X - L3[I] Q1 M4Y - L2[W] R18 C8 - L1[O] Q1 C4Y - L0[W] P73 
[  1] Utilization = 1.00 | pJ/Compute =    4.125 | L5[WIO] P7 M4 - L4[IO] M4 C4 M16X - L3[I] Q1 M4Y - L2[W] C16 R18 - L1[O] Q1 C4Y - L0[W] P73 
[  5] Utilization = 1.00 | pJ/Compute =    3.570 | L5[WIO] M128 C4 - L4[IO] P511 C16X - L3[I] Q1 M4Y - L2[W] R18 - L1[O] M2 C4Y - L0[W] Q1 
[  7] Utilization = 1.00 | pJ/Compute =    4.253 | L5[WIO] P7 M16 C4 - L4[IO] M2 C4 C2X M8X - L3[I] Q1 M4Y - L2[W] C2 R18 - L1[O] Q1 C4Y - L0[W] P73 
[  0] Utilization = 1.00 | pJ/Compute =    2.850 | L5[WIO] M32 C16 - L4[IO] P73 C4X M4X - L3[I] Q1 M4Y - L2[W] R18 - L1[O] M2 C4Y - L0[W] P7 
[  3] Utilization = 1.00 | pJ/Compute =    2.729 | L5[WIO] M16 C32 - L4[IO] P7 M16X - L3[I] Q1 M4Y - L2[W] R18 C2 - L1[O] Q1 C4Y - L0[W] P73 
[  6] Utilization = 1.00 | pJ/Compute =    4.125 | L5[WIO] P7 M2 - L4[IO] M64 C8 C8X M2X - L3[I] Q1 M4Y - L2[W] R18 - L1[O] Q1 C4Y - L0[W] P73 
[  2] Utilization = 1.00 | pJ/Compute =    2.843 | L5[WIO] M32 C4 - L4[IO] P7 C2X M8X - L3[I] Q1 M4Y - L2[W] C8 R18 - L1[O] Q1 C4Y - L0[W] P73 
[  4] Utilization = 1.00 | pJ/Compute =    2.768 | L5[WIO] M16 C64 - L4[IO] P511 M16X - L3[I] Q1 M4Y - L2[W] R18 - L1[O] Q1 C4Y - L0[W] Q1 
[  5] Utilization = 1.00 | pJ/Compute =    2.765 | L5[WIO] M16 C8 - L4[IO] P511 M16X - L3[I] Q1 M4Y - L2[W] C8 R18 - L1[O] Q1 C4Y - L0[W] Q1 
[  7] Utilization = 1.00 | pJ/Compute =    4.185 | L5[WIO] P7 M8 C4 - L4[IO] M4 C4 C2X M8X - L3[I] Q1 M4Y - L2[W] C2 R18 - L1[O] Q1 C4Y - L0[W] P73 
[  6] Utilization = 1.00 | pJ/Compute =    2.848 | L5[WIO] M32 C8 - L4[IO] P73 C2X M8X - L3[I] Q1 M4Y - L2[W] C4 R18 - L1[O] Q1 C4Y - L0[W] P7 
[  7] Utilization = 1.00 | pJ/Compute =    4.171 | L5[WIO] P7 M2 C16 - L4[IO] P73 C2X M8X - L3[I] Q1 M4Y - L2[W] C2 R18 - L1[O] M16 C4Y - L0[W] Q1 
[  2] Utilization = 1.00 | pJ/Compute =    2.765 | L5[WIO] M16 C8 - L4[IO] P511 C2X M8X - L3[I] Q1 M4Y - L2[W] R18 C4 - L1[O] M2 C4Y - L0[W] Q1 
[  7] Utilization = 1.00 | pJ/Compute =    4.134 | L5[WIO] P7 M2 C16 - L4[IO] M8 C4 M16X - L3[I] Q1 M4Y - L2[W] R18 - L1[O] Q1 C4Y - L0[W] P73 
[  7] Utilization = 1.00 | pJ/Compute =    2.734 | L5[WIO] M16 C32 - L4[IO] P73 M16X - L3[I] Q1 M4Y - L2[W] R18 C2 - L1[O] Q1 C4Y - L0[W] P7 
[  2] Utilization = 1.00 | pJ/Compute =    2.733 | L5[WIO] M16 C16 - L4[IO] P73 M16X - L3[I] Q1 M4Y - L2[W] R18 C4 - L1[O] Q1 C4Y - L0[W] P7 
Interrupt caught. Mapper threads will terminate after completing any ongoing evaluations.
[  7] STATEMENT: global termination flag activated, terminating search.
[  5] STATEMENT: global termination flag activated, terminating search.
[  0] STATEMENT: global termination flag activated, terminating search.
[  6] STATEMENT: global termination flag activated, terminating search.
[  3] STATEMENT: global termination flag activated, terminating search.
[  1] STATEMENT: global termination flag activated, terminating search.
[  2] STATEMENT: global termination flag activated, terminating search.
[  4] STATEMENT: global termination flag activated, terminating search.
