[  1] Utilization = 1.00 | pJ/Compute =   36.294 | L5[WIO] P73 M8 - L4[] M2 M16Y C16X - L3[O] M8 C64 R18 - L2[W] P7 - L1[I] Q1 - L0[O] Q1 
[  1] Utilization = 1.00 | pJ/Compute =   29.466 | L5[WIO] P73 M8 - L4[I] M2 M16Y C16X - L3[O] M8 C64 R18 - L2[W] P7 - L1[I] Q1 - L0[O] Q1 
[  2] Utilization = 1.00 | pJ/Compute =  144.258 | L5[WIO] M16 C8 - L4[O] C2 P73 M16Y C16X - L3[O] M8 C4 P7 R18 - L2[W] Q1 - L1[I] Q1 - L0[O] Q1 
[  4] Utilization = 1.00 | pJ/Compute =  144.306 | L5[WIO] M16 C8 - L4[O] C4 P73 M16Y C16X - L3[O] M8 C2 P7 R18 - L2[W] Q1 - L1[I] Q1 - L0[O] Q1 
[  5] Utilization = 1.00 | pJ/Compute =  144.211 | L5[WIO] P7 - L4[] M8 P73 C4 M16Y C16X - L3[O] C16 M16 R18 - L2[W] Q1 - L1[I] Q1 - L0[O] Q1 
[  0] Utilization = 1.00 | pJ/Compute =  144.211 | L5[WIO] P7 - L4[] M8 P73 C2 M16Y C16X - L3[O] C32 M16 R18 - L2[W] Q1 - L1[I] Q1 - L0[O] Q1 
[  7] Utilization = 1.00 | pJ/Compute =  144.099 | L5[WIO] M16 P511 C8 - L4[O] M8 M16Y C16X - L3[O] C8 R18 - L2[W] Q1 - L1[I] Q1 - L0[O] Q1 
[  6] Utilization = 1.00 | pJ/Compute =   36.305 | L5[WIO] M16 C4 - L4[O] M2 P73 C8 M16Y C16X - L3[O] C2 M4 R18 - L2[W] P7 - L1[I] Q1 - L0[O] Q1 
[  4] Utilization = 1.00 | pJ/Compute =   36.341 | L5[WIO] M16 C4 - L4[O] C4 M2 P73 M16Y C16X - L3[O] M4 C4 R18 - L2[W] P7 - L1[I] Q1 - L0[O] Q1 
[  0] Utilization = 1.00 | pJ/Compute =   36.341 | L5[WIO] P73 C16 - L4[O] M32 M16Y C16X - L3[O] M4 C4 R18 - L2[W] P7 - L1[I] Q1 - L0[O] Q1 
[  7] Utilization = 1.00 | pJ/Compute =   36.483 | L5[WIO] P73 C32 - L4[O] C2 M32 M16Y C16X - L3[O] M4 R18 - L2[W] P7 - L1[I] Q1 - L0[O] Q1 
[  5] Utilization = 1.00 | pJ/Compute =  144.066 | L5[WIO] P7 M16 C2 - L4[O] P73 M16Y C16X - L3[O] M8 C32 R18 - L2[W] Q1 - L1[I] Q1 - L0[O] Q1 
[  5] Utilization = 1.00 | pJ/Compute =  137.304 | L5[WIO] P7 M16 C2 - L4[IO] P73 M16Y C16X - L3[O] M8 C32 R18 - L2[W] Q1 - L1[I] Q1 - L0[O] Q1 
[  3] Utilization = 1.00 | pJ/Compute =  144.211 | L5[WIO] M128 P73 - L4[] C32 M16Y C16X - L3[O] C2 P7 R18 - L2[W] Q1 - L1[I] Q1 - L0[O] Q1 
[  3] Utilization = 1.00 | pJ/Compute =  137.897 | L5[WIO] M128 P73 - L4[I] C32 M16Y C16X - L3[O] C2 P7 R18 - L2[W] Q1 - L1[I] Q1 - L0[O] Q1 
[  2] Utilization = 1.00 | pJ/Compute =  137.442 | L5[WIO] P511 C8 - L4[I] C2 M16Y C16X - L3[O] C4 M128 R18 - L2[W] Q1 - L1[I] Q1 - L0[O] Q1 
[  6] Utilization = 1.00 | pJ/Compute =   19.659 | L5[WIO] P7 M16 C2 - L4[O] C4 M8 M16Y C16X - L3[O] C8 R18 - L2[W] P73 - L1[I] Q1 - L0[O] Q1 
[  3] Utilization = 1.00 | pJ/Compute =  137.384 | L5[WIO] P73 M128 - L4[I] C32 M16Y C16X - L3[O] C2 P7 R18 - L2[W] Q1 - L1[I] Q1 - L0[O] Q1 
[  5] Utilization = 1.00 | pJ/Compute =   36.483 | L5[WIO] M8 P73 C8 - L4[O] C8 M16 M16Y C16X - L3[O] R18 - L2[W] P7 - L1[I] Q1 - L0[O] Q1 
[  5] Utilization = 1.00 | pJ/Compute =   36.317 | L5[WIO] P73 M8 C8 - L4[O] M16 C8 M16Y C16X - L3[O] R18 - L2[W] P7 - L1[I] Q1 - L0[O] Q1 
[  7] Utilization = 1.00 | pJ/Compute =   36.305 | L5[WIO] M4 P73 C4 - L4[O] M4 C16 M16Y C16X - L3[O] M8 R18 - L2[W] P7 - L1[I] Q1 - L0[O] Q1 
[  5] Utilization = 1.00 | pJ/Compute =   29.562 | L5[WIO] P73 M8 C4 - L4[I] C2 M16Y C16X - L3[O] M16 C8 R18 - L2[W] P7 - L1[I] Q1 - L0[O] Q1 
[  4] Utilization = 1.00 | pJ/Compute =   36.294 | L5[WIO] M8 P73 C8 - L4[] C4 M16Y C16X - L3[O] C2 M16 R18 - L2[W] P7 - L1[I] Q1 - L0[O] Q1 
[  4] Utilization = 1.00 | pJ/Compute =   29.562 | L5[WIO] M8 P73 C8 - L4[I] C4 M16Y C16X - L3[O] C2 M16 R18 - L2[W] P7 - L1[I] Q1 - L0[O] Q1 
[  5] Utilization = 1.00 | pJ/Compute =   29.466 | L5[WIO] P73 M4 - L4[I] M2 C8 M16Y C16X - L3[O] C8 M16 R18 - L2[W] P7 - L1[I] Q1 - L0[O] Q1 
[  2] Utilization = 1.00 | pJ/Compute =   19.682 | L5[WIO] M16 C8 - L4[O] M8 C2 P7 M16Y C16X - L3[O] C4 R18 - L2[W] P73 - L1[I] Q1 - L0[O] Q1 
[  4] Utilization = 1.00 | pJ/Compute =   19.825 | L5[WIO] P7 M64 C64 - L4[O] M2 M16Y C16X - L3[O] R18 - L2[W] P73 - L1[I] Q1 - L0[O] Q1 
[  4] Utilization = 1.00 | pJ/Compute =   19.730 | L5[WIO] M16 C8 - L4[O] C4 P7 M8 M16Y C16X - L3[O] C2 R18 - L2[W] P73 - L1[I] Q1 - L0[O] Q1 
[  3] Utilization = 1.00 | pJ/Compute =   36.299 | L5[WIO] P73 C2 - L4[O] M64 C16 M16Y C16X - L3[O] C2 M2 R18 - L2[W] P7 - L1[I] Q1 - L0[O] Q1 
[  3] Utilization = 1.00 | pJ/Compute =   29.471 | L5[WIO] P73 C2 - L4[IO] M64 C16 M16Y C16X - L3[O] C2 M2 R18 - L2[W] P7 - L1[I] Q1 - L0[O] Q1 
[  0] Utilization = 1.00 | pJ/Compute =   36.294 | L5[WIO] M16 - L4[] P73 M2 C16 M16Y C16X - L3[O] C4 M4 R18 - L2[W] P7 - L1[I] Q1 - L0[O] Q1 
[  5] Utilization = 1.00 | pJ/Compute =   19.659 | L5[WIO] M16 C8 - L4[O] P7 M8 C8 M16Y C16X - L3[O] R18 - L2[W] P73 - L1[I] Q1 - L0[O] Q1 
[  5] Utilization = 1.00 | pJ/Compute =   19.636 | L5[WIO] M64 P7 - L4[] C8 M16Y C16X - L3[O] C8 M2 R18 - L2[W] P73 - L1[I] Q1 - L0[O] Q1 
[  1] Utilization = 1.00 | pJ/Compute =   19.636 | L5[WIO] P7 M8 - L4[] M16 M16Y C16X - L3[O] C64 R18 - L2[W] P73 - L1[I] Q1 - L0[O] Q1 
[  0] Utilization = 1.00 | pJ/Compute =   29.457 | L5[WIO] P73 - L4[I] M8 C2 M16Y C16X - L3[O] C32 M16 R18 - L2[W] P7 - L1[I] Q1 - L0[O] Q1 
[  7] Utilization = 1.00 | pJ/Compute =   29.457 | L5[WIO] P73 - L4[I] M32 C32 M16Y C16X - L3[O] C2 M4 R18 - L2[W] P7 - L1[I] Q1 - L0[O] Q1 
[  4] Utilization = 1.00 | pJ/Compute =   19.636 | L5[WIO] M128 P7 C16 - L4[] Q1 M16Y C16X - L3[O] C4 R18 - L2[W] P73 - L1[I] Q1 - L0[O] Q1 
[  4] Utilization = 1.00 | pJ/Compute =   13.423 | L5[WIO] M128 P7 C16 - L4[I] Q1 M16Y C16X - L3[O] C4 R18 - L2[W] P73 - L1[I] Q1 - L0[O] Q1 
[  0] Utilization = 1.00 | pJ/Compute =   19.659 | L5[WIO] M128 C8 - L4[O] P7 C4 M16Y C16X - L3[O] C2 R18 - L2[W] P73 - L1[I] Q1 - L0[O] Q1 
[  0] Utilization = 1.00 | pJ/Compute =   18.446 | L5[WIO] M128 C8 - L4[WO] P7 C4 M16Y C16X - L3[O] C2 R18 - L2[W] P73 - L1[I] Q1 - L0[O] Q1 
[  3] Utilization = 1.00 | pJ/Compute =   29.466 | L5[WIO] P73 M128 - L4[I] C32 M16Y C16X - L3[O] C2 R18 - L2[W] P7 - L1[I] Q1 - L0[O] Q1 
[  6] Utilization = 1.00 | pJ/Compute =   18.518 | L5[WIO] M128 C16 - L4[WO] C2 P7 M16Y C16X - L3[O] C2 R18 - L2[W] P73 - L1[I] Q1 - L0[O] Q1 
[  3] Utilization = 1.00 | pJ/Compute =   19.825 | L5[WIO] M64 C16 - L4[O] M2 C4 P7 M16Y C16X - L3[O] R18 - L2[W] P73 - L1[I] Q1 - L0[O] Q1 
[  3] Utilization = 1.00 | pJ/Compute =   18.613 | L5[WIO] M64 C16 - L4[WO] M2 C4 P7 M16Y C16X - L3[O] R18 - L2[W] P73 - L1[I] Q1 - L0[O] Q1 
[  7] Utilization = 1.00 | pJ/Compute =   19.730 | L5[WIO] P7 M16 C2 - L4[O] C16 M4 M16Y C16X - L3[O] M2 C2 R18 - L2[W] P73 - L1[I] Q1 - L0[O] Q1 
[  3] Utilization = 1.00 | pJ/Compute =   18.446 | L5[WIO] M128 C8 - L4[WO] P7 M16Y C16X - L3[O] C8 R18 - L2[W] P73 - L1[I] Q1 - L0[O] Q1 
[  6] Utilization = 1.00 | pJ/Compute =   18.470 | L5[WIO] M128 C8 - L4[WO] C2 P7 M16Y C16X - L3[O] C4 R18 - L2[W] P73 - L1[I] Q1 - L0[O] Q1 
[  6] Utilization = 1.00 | pJ/Compute =   18.446 | L5[WIO] M128 C8 - L4[WO] P7 C2 M16Y C16X - L3[O] C4 R18 - L2[W] P73 - L1[I] Q1 - L0[O] Q1 
[  2] Utilization = 1.00 | pJ/Compute =   19.659 | L5[WIO] M32 C8 - L4[O] P7 M2 C2 M16Y C16X - L3[O] C4 M2 R18 - L2[W] P73 - L1[I] Q1 - L0[O] Q1 
[  7] Utilization = 1.00 | pJ/Compute =   19.636 | L5[WIO] M64 - L4[] P7 M2 C32 M16Y C16X - L3[O] C2 R18 - L2[W] P73 - L1[I] Q1 - L0[O] Q1 
[  2] Utilization = 1.00 | pJ/Compute =   13.114 | L5[WIO] M64 P7 C2 - L4[IO] M2 C2 M16Y C16X - L3[O] C16 R18 - L2[W] P73 - L1[I] Q1 - L0[O] Q1 
[  6] Utilization = 1.00 | pJ/Compute =   13.114 | L5[WIO] M64 P7 C2 - L4[IO] M2 C4 M16Y C16X - L3[O] C8 R18 - L2[W] P73 - L1[I] Q1 - L0[O] Q1 
[  6] Utilization = 1.00 | pJ/Compute =   13.109 | L5[WIO] P7 M64 C4 - L4[I] C8 M16Y C16X - L3[O] C2 M2 R18 - L2[W] P73 - L1[I] Q1 - L0[O] Q1 
[  2] Utilization = 1.00 | pJ/Compute =   13.109 | L5[WIO] P7 M64 C2 - L4[I] C4 M16Y C16X - L3[O] C8 M2 R18 - L2[W] P73 - L1[I] Q1 - L0[O] Q1 
[  3] Utilization = 1.00 | pJ/Compute =   12.839 | L5[WIO] M8 P7 C2 - L4[IO] M16 C16 M16Y C16X - L3[O] C2 R18 - L2[W] P73 - L1[I] Q1 - L0[O] Q1 
[  4] Utilization = 1.00 | pJ/Compute =   13.109 | L5[WIO] M64 P7 C4 - L4[I] C4 M16Y C16X - L3[O] M2 C4 R18 - L2[W] P73 - L1[I] Q1 - L0[O] Q1 
[  5] Utilization = 1.00 | pJ/Compute =   13.109 | L5[WIO] M64 P7 C2 - L4[I] C8 M16Y C16X - L3[O] C4 M2 R18 - L2[W] P73 - L1[I] Q1 - L0[O] Q1 
[  1] Utilization = 1.00 | pJ/Compute =   12.878 | L5[WIO] M16 P7 C2 - L4[IO] M8 C8 M16Y C16X - L3[O] C4 R18 - L2[W] P73 - L1[I] Q1 - L0[O] Q1 
[  1] Utilization = 1.00 | pJ/Compute =   12.839 | L5[WIO] P7 M8 C2 - L4[IO] M16 C8 M16Y C16X - L3[O] C4 R18 - L2[W] P73 - L1[I] Q1 - L0[O] Q1 
[  5] Utilization = 1.00 | pJ/Compute =   12.957 | L5[WIO] P7 M32 C2 - L4[IO] M4 C8 M16Y C16X - L3[O] C4 R18 - L2[W] P73 - L1[I] Q1 - L0[O] Q1 
[  5] Utilization = 1.00 | pJ/Compute =   12.839 | L5[WIO] P7 M8 C2 - L4[IO] M16 M16Y C16X - L3[O] C32 R18 - L2[W] P73 - L1[I] Q1 - L0[O] Q1 
[  2] Utilization = 1.00 | pJ/Compute =   12.839 | L5[WIO] P7 M8 C2 - L4[IO] M8 C4 M16Y C16X - L3[O] M2 C8 R18 - L2[W] P73 - L1[I] Q1 - L0[O] Q1 
[  0] Utilization = 1.00 | pJ/Compute =   13.423 | L5[WIO] M128 P7 C8 - L4[I] C4 M16Y C16X - L3[O] C2 R18 - L2[W] P73 - L1[I] Q1 - L0[O] Q1 
[  7] Utilization = 1.00 | pJ/Compute =   13.423 | L5[WIO] P7 M128 C4 - L4[I] C16 M16Y C16X - L3[O] R18 - L2[W] P73 - L1[I] Q1 - L0[O] Q1 
[  1] STATEMENT: 3000 suboptimal mappings found since the last upgrade, terminating search.
[  7] Utilization = 1.00 | pJ/Compute =   13.109 | L5[WIO] P7 M64 C4 - L4[I] C16 M16Y C16X - L3[O] M2 R18 - L2[W] P73 - L1[I] Q1 - L0[O] Q1 
[  0] Utilization = 1.00 | pJ/Compute =   13.109 | L5[WIO] P7 M64 C64 - L4[I] Q1 M16Y C16X - L3[O] M2 R18 - L2[W] P73 - L1[I] Q1 - L0[O] Q1 
[  0] Utilization = 1.00 | pJ/Compute =   12.957 | L5[WIO] P7 M32 C2 - L4[IO] M4 C32 M16Y C16X - L3[O] R18 - L2[W] P73 - L1[I] Q1 - L0[O] Q1 
[  5] STATEMENT: 3000 suboptimal mappings found since the last upgrade, terminating search.
[  7] Utilization = 1.00 | pJ/Compute =   12.839 | L5[WIO] P7 M8 C2 - L4[IO] M8 C16 M16Y C16X - L3[O] C2 M2 R18 - L2[W] P73 - L1[I] Q1 - L0[O] Q1 
[  4] STATEMENT: 3000 suboptimal mappings found since the last upgrade, terminating search.
[  6] Utilization = 1.00 | pJ/Compute =   12.878 | L5[WIO] M16 P7 C2 - L4[IO] M4 C2 M16Y C16X - L3[O] C16 M2 R18 - L2[W] P73 - L1[I] Q1 - L0[O] Q1 
[  0] Utilization = 1.00 | pJ/Compute =   12.839 | L5[WIO] M8 P7 C2 - L4[IO] M8 C32 M16Y C16X - L3[O] M2 R18 - L2[W] P73 - L1[I] Q1 - L0[O] Q1 
[  3] STATEMENT: 3000 suboptimal mappings found since the last upgrade, terminating search.
[  6] Utilization = 1.00 | pJ/Compute =   12.839 | L5[WIO] P7 M8 C2 - L4[IO] M16 C4 M16Y C16X - L3[O] C8 R18 - L2[W] P73 - L1[I] Q1 - L0[O] Q1 
[  7] STATEMENT: 3000 suboptimal mappings found since the last upgrade, terminating search.
[  0] STATEMENT: 3000 suboptimal mappings found since the last upgrade, terminating search.
