[  4] Utilization = 0.06 | pJ/Compute =   14.449 | L4[WIO] P23 M4 C32 - L3[W] Q1 - L2[IO] M2 - L1[IO] C8 R2 - L0[W] R9 P89 M64Y 
[  5] Utilization = 0.12 | pJ/Compute =   14.472 | L4[WIO] P23 M4 C32 - L3[W] Q1 - L2[IO] M2 C2X - L1[IO] R2 - L0[W] P89 R9 C4 M64Y 
[  6] Utilization = 0.12 | pJ/Compute =   14.472 | L4[WIO] P23 M4 C32 - L3[W] Q1 - L2[IO] M2 C2X - L1[IO] C2 R2 - L0[W] P89 R9 C2 M64Y 
[  7] Utilization = 0.12 | pJ/Compute =   14.472 | L4[WIO] P23 M4 C32 - L3[W] Q1 - L2[IO] M2 C2X - L1[IO] C4 R2 - L0[W] R9 P89 M64Y 
[  2] Utilization = 0.06 | pJ/Compute =  154.982 | L4[WIO] M2 P2047 C64 - L3[W] C2 - L2[IO] C2 - L1[IO] M2 R3 - L0[W] R6 M2 M64Y 
[  1] Utilization = 0.06 | pJ/Compute =   22.895 | L4[WIO] P23 M4 C32 - L3[W] C2 - L2[IO] P89 - L1[IO] M2 C4 R3 - L0[W] R6 M64Y 
[  3] Utilization = 0.12 | pJ/Compute =   27.514 | L4[WIO] M4 P89 C32 - L3[W] Q1 - L2[IO] C4 M2 P23 C2X - L1[IO] R18 - L0[W] Q1 M64Y 
[  3] Utilization = 0.12 | pJ/Compute =   27.280 | L4[WIO] P89 M4 C32 - L3[W] Q1 - L2[IO] P23 M2 C4 C2X - L1[IO] R18 - L0[W] Q1 M64Y 
[  0] Utilization = 0.25 | pJ/Compute =   27.424 | L4[WIO] P89 M4 C32 - L3[W] Q1 - L2[IO] P23 C2 M2 C4X - L1[IO] R18 - L0[W] Q1 M64Y 
[  0] Utilization = 0.25 | pJ/Compute =   27.325 | L4[WIO] P89 M4 C32 - L3[W] Q1 - L2[IO] M2 P23 C2 C4X - L1[IO] R18 - L0[W] Q1 M64Y 
[  1] Utilization = 0.25 | pJ/Compute =  155.729 | L4[WIO] P2047 M4 C32 - L3[W] Q1 - L2[IO] M2 C4X - L1[IO] C2 R2 - L0[W] R9 M64Y 
[  3] Utilization = 0.25 | pJ/Compute =   18.905 | L4[WIO] P89 M2 C64 - L3[W] Q1 - L2[IO] Q1 M4Y - L1[IO] C4 R2 - L0[W] P23 R9 M64Y 
[  7] Utilization = 0.25 | pJ/Compute =   18.912 | L4[WIO] P89 M2 C64 - L3[W] Q1 - L2[IO] C2 M4Y - L1[IO] R2 - L0[W] P23 R9 C2 M64Y 
[  4] Utilization = 0.12 | pJ/Compute =   14.320 | L4[WIO] P23 M2 C64 - L3[W] Q1 - L2[IO] C4 M2Y - L1[IO] Q1 - L0[W] P89 M2 R18 M64Y 
[  7] Utilization = 0.25 | pJ/Compute =   14.320 | L4[WIO] M2 P23 C64 - L3[W] C2 - L2[IO] Q1 M2Y C2X - L1[IO] Q1 - L0[W] P89 M2 R18 M64Y 
[  7] Utilization = 0.25 | pJ/Compute =   14.286 | L4[WIO] P23 M2 C64 - L3[W] C2 - L2[IO] Q1 M2Y C2X - L1[IO] Q1 - L0[W] P89 R18 M2 M64Y 
[  5] Utilization = 0.12 | pJ/Compute =   14.288 | L4[WIO] M2 P23 C64 - L3[W] C2 - L2[IO] Q1 M2Y - L1[IO] Q1 - L0[W] P89 C2 R18 M2 M64Y 
[  3] Utilization = 0.25 | pJ/Compute =   14.430 | L4[WIO] P23 M8 C16 - L3[W] Q1 - L2[IO] Q1 C4X - L1[IO] R18 - L0[W] C4 P89 M64Y 
[  2] Utilization = 0.25 | pJ/Compute =  155.055 | L4[WIO] M2 P2047 C64 - L3[W] Q1 - L2[IO] C4 M4Y - L1[IO] R6 - L0[W] R3 M64Y 
[  1] Utilization = 0.50 | pJ/Compute =  155.055 | L4[WIO] P2047 M2 C64 - L3[W] Q1 - L2[IO] C2 M4Y C2X - L1[IO] R6 - L0[W] R3 M64Y 
[  5] Utilization = 0.25 | pJ/Compute =   14.429 | L4[WIO] P23 M8 C16 - L3[W] Q1 - L2[IO] Q1 C4X - L1[IO] C4 R18 - L0[W] P89 M64Y 
[  5] Utilization = 0.50 | pJ/Compute =  155.055 | L4[WIO] M2 P2047 C64 - L3[W] C2 - L2[IO] Q1 M4Y C2X - L1[IO] R6 - L0[W] R3 M64Y 
[  6] Utilization = 0.12 | pJ/Compute =   14.430 | L4[WIO] M8 P23 C64 - L3[W] Q1 - L2[IO] Q1 C2X - L1[IO] C2 R18 - L0[W] P89 M64Y 
[  0] Utilization = 0.25 | pJ/Compute =   18.962 | L4[WIO] P89 M4 C32 - L3[W] Q1 - L2[IO] Q1 M2Y C2X - L1[IO] C4 R6 - L0[W] R3 P23 M64Y 
[  2] Utilization = 0.50 | pJ/Compute =   18.957 | L4[WIO] M4 P89 C32 - L3[W] Q1 - L2[IO] Q1 M2Y C4X - L1[IO] C2 R2 - L0[W] P23 R9 M64Y 
[  6] Utilization = 0.25 | pJ/Compute =   26.961 | L4[WIO] P89 C128 - L3[W] C2 - L2[IO] Q1 M4Y - L1[IO] M2 P23 R2 - L0[W] R9 M64Y 
[  7] Utilization = 0.50 | pJ/Compute =   27.312 | L4[WIO] M2 P89 C64 - L3[W] Q1 - L2[IO] P23 M2Y C4X - L1[IO] M2 R6 - L0[W] R3 M64Y 
[  1] Utilization = 0.50 | pJ/Compute =   22.708 | L4[WIO] M4 P23 C32 - L3[W] Q1 - L2[IO] Q1 M2Y C4X - L1[IO] P89 R9 - L0[W] C2 R2 M64Y 
[  6] Utilization = 0.25 | pJ/Compute =   18.876 | L4[WIO] P89 M2 C64 - L3[W] Q1 - L2[IO] Q1 M2Y C2X - L1[IO] M2 C2 R9 - L0[W] P23 R2 M64Y 
[  4] Utilization = 0.25 | pJ/Compute =   27.005 | L4[WIO] P89 M4 C32 - L3[W] Q1 - L2[IO] Q1 C4X - L1[IO] C2 P23 R9 - L0[W] R2 M2 M64Y 
[  0] Utilization = 0.50 | pJ/Compute =   22.996 | L4[WIO] P23 M2 C64 - L3[W] Q1 - L2[IO] P89 M2Y C4X - L1[IO] R9 - L0[W] M2 R2 M64Y 
[  3] Utilization = 0.50 | pJ/Compute =   22.996 | L4[WIO] P23 M2 C64 - L3[W] Q1 - L2[IO] M2 M2Y C4X - L1[IO] P89 R6 - L0[W] R3 M64Y 
[  1] Utilization = 0.50 | pJ/Compute =   14.358 | L4[WIO] M4 P23 C32 - L3[W] Q1 - L2[IO] Q1 M2Y C4X - L1[IO] R3 - L0[W] R6 P89 C2 M64Y 
[  4] Utilization = 0.50 | pJ/Compute =   22.673 | L4[WIO] M2 P23 C64 - L3[W] Q1 - L2[IO] Q1 M4Y C2X - L1[IO] P89 R9 - L0[W] C2 R2 M64Y 
[  5] Utilization = 0.50 | pJ/Compute =   22.673 | L4[WIO] P23 M2 C64 - L3[W] Q1 - L2[IO] Q1 M4Y C2X - L1[IO] C2 P89 R9 - L0[W] R2 M64Y 
[  5] Utilization = 0.50 | pJ/Compute =   18.909 | L4[WIO] P89 M2 C64 - L3[W] C2 - L2[IO] Q1 M4Y C2X - L1[IO] R18 - L0[W] P23 M64Y 
[  6] Utilization = 0.25 | pJ/Compute =   14.321 | L4[WIO] M2 P23 C64 - L3[W] C2 - L2[IO] Q1 M2Y C2X - L1[IO] M2 - L0[W] R18 P89 M64Y 
[  4] Utilization = 0.50 | pJ/Compute =   18.880 | L4[WIO] M2 P89 C64 - L3[W] Q1 - L2[IO] Q1 M4Y C2X - L1[IO] R9 - L0[W] C2 P23 R2 M64Y 
[  5] Utilization = 0.50 | pJ/Compute =   18.882 | L4[WIO] P89 C128 - L3[W] Q1 - L2[IO] Q1 M4Y C2X - L1[IO] Q1 - L0[W] R18 M2 P23 M64Y 
[  0] Utilization = 0.50 | pJ/Compute =   19.234 | L4[WIO] M2 P89 C64 - L3[W] Q1 - L2[IO] P23 M2Y C4X - L1[IO] Q1 - L0[W] M2 R18 M64Y 
[  0] Utilization = 0.50 | pJ/Compute =   19.200 | L4[WIO] M2 P89 C64 - L3[W] Q1 - L2[IO] P23 M2Y C4X - L1[IO] Q1 - L0[W] R18 M2 M64Y 
[  7] Utilization = 0.50 | pJ/Compute =   22.670 | L4[WIO] P23 M2 C64 - L3[W] Q1 - L2[IO] Q1 M2Y C4X - L1[IO] M2 P89 R9 - L0[W] R2 M64Y 
[  3] Utilization = 0.50 | pJ/Compute =   14.646 | L4[WIO] P23 M2 C64 - L3[W] Q1 - L2[IO] M2 M2Y C4X - L1[IO] R3 - L0[W] R6 P89 M64Y 
[  6] Utilization = 1.00 | pJ/Compute =   26.989 | L4[WIO] P89 M2 C64 - L3[W] Q1 - L2[IO] Q1 M4Y C4X - L1[IO] P23 R9 - L0[W] R2 M64Y 
[  7] Utilization = 0.50 | pJ/Compute =   18.906 | L4[WIO] M2 P89 C64 - L3[W] Q1 - L2[IO] Q1 M2Y C4X - L1[IO] M2 - L0[W] R18 P23 M64Y 
[  6] Utilization = 1.00 | pJ/Compute =   22.998 | L4[WIO] M2 P23 C64 - L3[W] Q1 - L2[IO] P89 M4Y C4X - L1[IO] R2 - L0[W] R9 M64Y 
[  2] Utilization = 0.50 | pJ/Compute =   14.358 | L4[WIO] P23 M4 C32 - L3[W] Q1 - L2[IO] Q1 M2Y C4X - L1[IO] C2 R6 - L0[W] R3 P89 M64Y 
[  2] Utilization = 0.50 | pJ/Compute =   14.325 | L4[WIO] M4 P23 C64 - L3[W] Q1 - L2[IO] Q1 M2Y C4X - L1[IO] R9 - L0[W] P89 R2 M64Y 
[  7] Utilization = 0.50 | pJ/Compute =   14.310 | L4[WIO] P23 M2 C64 - L3[W] Q1 - L2[IO] Q1 M2Y C4X - L1[IO] M2 R3 - L0[W] P89 R6 M64Y 
[  5] Utilization = 0.50 | pJ/Compute =   14.301 | L4[WIO] M2 P23 C64 - L3[W] Q1 - L2[IO] Q1 M4Y C2X - L1[IO] C2 R6 - L0[W] P89 R3 M64Y 
[  6] Utilization = 1.00 | pJ/Compute =   14.300 | L4[WIO] M2 P23 C64 - L3[W] Q1 - L2[IO] Q1 M4Y C4X - L1[IO] R6 - L0[W] P89 R3 M64Y 
[  4] Utilization = 0.50 | pJ/Compute =   14.316 | L4[WIO] P23 M2 C64 - L3[W] Q1 - L2[IO] Q1 M4Y C2X - L1[IO] R2 - L0[W] C2 P89 R9 M64Y 
[  0] Utilization = 0.50 | pJ/Compute =   14.319 | L4[WIO] P23 M2 C64 - L3[W] Q1 - L2[IO] Q1 M2Y C4X - L1[IO] P89 - L0[W] M2 R18 M64Y 
[  3] Utilization = 0.50 | pJ/Compute =   14.355 | L4[WIO] M4 P23 C32 - L3[W] C2 - L2[IO] Q1 M2Y C4X - L1[IO] Q1 - L0[W] P89 R18 M64Y 
[  1] Utilization = 0.50 | pJ/Compute =   14.325 | L4[WIO] P23 M4 C32 - L3[W] Q1 - L2[IO] C2 M2Y C4X - L1[IO] R9 - L0[W] P89 R2 M64Y 
Interrupt caught. Mapper threads will terminate after completing any ongoing evaluations.
[  0] STATEMENT: global termination flag activated, terminating search.
[  1] STATEMENT: global termination flag activated, terminating search.
[  7] STATEMENT: global termination flag activated, terminating search.
[  6] STATEMENT: global termination flag activated, terminating search.
[  2] STATEMENT: global termination flag activated, terminating search.
[  4] STATEMENT: global termination flag activated, terminating search.
[  3] STATEMENT: global termination flag activated, terminating search.
[  5] STATEMENT: global termination flag activated, terminating search.
