[  3] Utilization = 0.25 | pJ/Compute =   22.523 | L4[WIO] P23 C64 - L3[W] Q1 - L2[IO] M2 C4X - L1[IO] M2 - L0[W] M2 R18 P89 M64Y 
[  6] Utilization = 0.12 | pJ/Compute =   22.395 | L4[WIO] P23 C64 - L3[W] Q1 - L2[IO] M2 C2 C2X - L1[IO] M2 - L0[W] M2 R18 P89 M64Y 
[  4] Utilization = 0.06 | pJ/Compute =   22.532 | L4[WIO] P23 C64 - L3[W] Q1 - L2[IO] C2 M2 - L1[IO] M2 - L0[W] P89 C2 R18 M2 M64Y 
[  6] Utilization = 0.12 | pJ/Compute =   22.334 | L4[WIO] P23 C64 - L3[W] Q1 - L2[IO] M2 C2 C2X - L1[IO] M2 - L0[W] P89 R18 M2 M64Y 
[  2] Utilization = 0.12 | pJ/Compute =   22.333 | L4[WIO] P23 C64 - L3[W] Q1 - L2[IO] M2 C2X - L1[IO] M2 C2 - L0[W] P89 R18 M2 M64Y 
[  1] Utilization = 0.12 | pJ/Compute =   22.394 | L4[WIO] P23 C64 - L3[W] Q1 - L2[IO] M2 C2X - L1[IO] M2 - L0[W] P89 M2 C2 R18 M64Y 
[  7] Utilization = 0.12 | pJ/Compute =   22.286 | L4[WIO] P23 M4 C32 - L3[W] Q1 - L2[IO] M2 C2X - L1[IO] C4 R2 - L0[W] R9 P89 M64Y 
[  5] Utilization = 0.12 | pJ/Compute =   22.287 | L4[WIO] P23 M4 C32 - L3[W] Q1 - L2[IO] M2 C2X - L1[IO] R2 - L0[W] P89 R9 C4 M64Y 
[  6] Utilization = 0.12 | pJ/Compute =   22.287 | L4[WIO] M4 P23 C32 - L3[W] Q1 - L2[IO] M2 C2X - L1[IO] C2 R2 - L0[W] R9 C2 P89 M64Y 
[  0] Utilization = 0.06 | pJ/Compute =  168.403 | L4[WIO] P2047 M4 C16 - L3[W] Q1 - L2[IO] M2 - L1[IO] C16 R9 - L0[W] R2 M64Y 
[  0] Utilization = 0.25 | pJ/Compute =   38.336 | L4[WIO] P89 M4 C32 - L3[W] Q1 - L2[IO] M2 P23 C2 C4X - L1[IO] R18 - L0[W] Q1 M64Y 
[  6] Utilization = 0.25 | pJ/Compute =  168.448 | L4[WIO] P2047 M4 C16 - L3[W] Q1 - L2[IO] M2 C4X - L1[IO] C2 R9 - L0[W] R2 C2 M64Y 
[  3] Utilization = 0.50 | pJ/Compute =   33.775 | L4[WIO] P23 M4 C16 - L3[W] Q1 - L2[IO] P89 C4 M2Y C4X - L1[IO] R9 - L0[W] R2 M64Y 
[  7] Utilization = 0.25 | pJ/Compute =   26.847 | L4[WIO] P89 M2 C64 - L3[W] Q1 - L2[IO] C2 M4Y - L1[IO] R2 - L0[W] P23 R9 C2 M64Y 
[  4] Utilization = 0.12 | pJ/Compute =   38.509 | L4[WIO] P89 C128 - L3[W] Q1 - L2[IO] M4 C2X - L1[IO] P23 R3 - L0[W] M2 R6 M64Y 
[  4] Utilization = 0.12 | pJ/Compute =   38.451 | L4[WIO] P89 C128 - L3[W] Q1 - L2[IO] M4 C2X - L1[IO] P23 R3 - L0[W] R6 M2 M64Y 
[  7] Utilization = 0.25 | pJ/Compute =   22.031 | L4[WIO] P23 M2 C64 - L3[W] C2 - L2[IO] Q1 M2Y C2X - L1[IO] Q1 - L0[W] P89 R18 M2 M64Y 
[  2] Utilization = 0.25 | pJ/Compute =   26.847 | L4[WIO] P89 M2 C64 - L3[W] Q1 - L2[IO] Q1 M4Y - L1[IO] C2 R2 - L0[W] R9 C2 P23 M64Y 
[  6] Utilization = 0.25 | pJ/Compute =   33.510 | L4[WIO] P23 M2 C128 - L3[W] Q1 - L2[IO] Q1 M2Y C2X - L1[IO] P89 R6 - L0[W] M2 R3 M64Y 
[  2] Utilization = 0.50 | pJ/Compute =   37.803 | L4[WIO] P89 C64 - L3[W] Q1 - L2[IO] C2 M4Y C2X - L1[IO] P23 R9 - L0[W] R2 M2 M64Y 
[  4] Utilization = 0.12 | pJ/Compute =   26.785 | L4[WIO] M2 P89 C32 - L3[W] C2 - L2[IO] Q1 M2Y - L1[IO] R3 - L0[W] P23 C4 R6 M2 M64Y 
[  1] Utilization = 0.25 | pJ/Compute =   37.804 | L4[WIO] P89 C64 - L3[W] Q1 - L2[IO] C2 M4Y - L1[IO] C2 P23 R9 - L0[W] R2 M2 M64Y 
[  6] Utilization = 0.50 | pJ/Compute =   37.862 | L4[WIO] P89 C64 - L3[W] C2 - L2[IO] Q1 M4Y C2X - L1[IO] P23 R9 - L0[W] M2 R2 M64Y 
[  4] Utilization = 0.25 | pJ/Compute =   38.047 | L4[WIO] P89 M2 C32 - L3[W] Q1 - L2[IO] P23 M2Y C2X - L1[IO] C2 M2 - L0[W] R18 C2 M64Y 
[  5] Utilization = 0.25 | pJ/Compute =   37.804 | L4[WIO] P89 C64 - L3[W] C2 - L2[IO] Q1 M4Y - L1[IO] C2 P23 R9 - L0[W] R2 M2 M64Y 
[  1] Utilization = 0.50 | pJ/Compute =  167.824 | L4[WIO] M2 P2047 C64 - L3[W] Q1 - L2[IO] C2 M4Y C2X - L1[IO] R6 - L0[W] R3 M64Y 
[  4] Utilization = 0.50 | pJ/Compute =  168.377 | L4[WIO] P2047 M4 C16 - L3[W] Q1 - L2[IO] C2 M2Y C4X - L1[IO] C2 R6 - L0[W] R3 M64Y 
[  0] Utilization = 0.50 | pJ/Compute =   38.341 | L4[WIO] P89 C64 - L3[W] Q1 - L2[IO] P23 M2 M2Y C4X - L1[IO] M2 R3 - L0[W] R6 M64Y 
[  5] Utilization = 0.25 | pJ/Compute =   33.844 | L4[WIO] M8 P23 C8 - L3[W] Q1 - L2[IO] C4 P89 C4X - L1[IO] C2 R3 - L0[W] R6 M64Y 
[  4] Utilization = 0.50 | pJ/Compute =   37.862 | L4[WIO] P89 C128 - L3[W] Q1 - L2[IO] Q1 M4Y C2X - L1[IO] M2 P23 R2 - L0[W] R9 M64Y 
[  5] Utilization = 1.00 | pJ/Compute =  167.822 | L4[WIO] P2047 M2 C32 - L3[W] Q1 - L2[IO] C2 M4Y C4X - L1[IO] R6 - L0[W] R3 M64Y 
[  3] Utilization = 0.50 | pJ/Compute =   33.548 | L4[WIO] P23 M4 C16 - L3[W] Q1 - L2[IO] C2 M2Y C4X - L1[IO] P89 R6 - L0[W] R3 C2 M64Y 
[  4] Utilization = 0.50 | pJ/Compute =   33.548 | L4[WIO] P23 M4 C16 - L3[W] Q1 - L2[IO] C2 M2Y C4X - L1[IO] C2 P89 R6 - L0[W] R3 M64Y 
[  6] Utilization = 0.50 | pJ/Compute =   33.756 | L4[WIO] P23 C64 - L3[W] Q1 - L2[IO] P89 M4Y C2X - L1[IO] C2 R18 - L0[W] M2 M64Y 
[  7] Utilization = 1.00 | pJ/Compute =   33.882 | L4[WIO] P23 C64 - L3[W] Q1 - L2[IO] P89 M4Y C4X - L1[IO] R18 - L0[W] M2 M64Y 
[  6] Utilization = 0.50 | pJ/Compute =   27.429 | L4[WIO] P89 C64 - L3[W] C2 - L2[IO] M2 M4Y C2X - L1[IO] R6 - L0[W] P23 R3 M64Y 
[  0] Utilization = 0.50 | pJ/Compute =   22.093 | L4[WIO] M2 P23 C32 - L3[W] Q1 - L2[IO] C4 M4Y C2X - L1[IO] R18 - L0[W] P89 M64Y 
[  6] Utilization = 0.50 | pJ/Compute =   22.093 | L4[WIO] P23 M2 C32 - L3[W] C2 - L2[IO] Q1 M4Y C2X - L1[IO] C2 R18 - L0[W] P89 M64Y 
[  1] Utilization = 0.50 | pJ/Compute =   33.943 | L4[WIO] P23 C64 - L3[W] Q1 - L2[IO] P89 M2Y C4X - L1[IO] M2 R2 - L0[W] M2 R9 M64Y 
[  7] Utilization = 1.00 | pJ/Compute =   22.092 | L4[WIO] M2 P23 C32 - L3[W] C2 - L2[IO] Q1 M4Y C4X - L1[IO] R18 - L0[W] P89 M64Y 
[  2] Utilization = 0.50 | pJ/Compute =   33.548 | L4[WIO] P23 M4 C32 - L3[W] Q1 - L2[IO] Q1 M2Y C4X - L1[IO] C2 P89 R9 - L0[W] R2 M64Y 
[  3] Utilization = 0.50 | pJ/Compute =   22.276 | L4[WIO] M2 P23 C32 - L3[W] Q1 - L2[IO] M2 M2Y C4X - L1[IO] C2 R6 - L0[W] P89 R3 M64Y 
[  1] Utilization = 0.50 | pJ/Compute =   33.548 | L4[WIO] P23 M4 C32 - L3[W] Q1 - L2[IO] Q1 M2Y C4X - L1[IO] P89 R9 - L0[W] R2 C2 M64Y 
Interrupt caught. Mapper threads will terminate after completing any ongoing evaluations.
[  6] STATEMENT: global termination flag activated, terminating search.
[  3] STATEMENT: global termination flag activated, terminating search.
[  7] STATEMENT: global termination flag activated, terminating search.
[  4] STATEMENT: global termination flag activated, terminating search.
[  0] STATEMENT: global termination flag activated, terminating search.
[  5] STATEMENT: global termination flag activated, terminating search.
[  1] STATEMENT: global termination flag activated, terminating search.
[  2] STATEMENT: global termination flag activated, terminating search.
