    _                _                      
   / \   ___ ___ ___| | ___ _ __ __ _ _   _ 
  / _ \ / __/ __/ _ \ |/ _ \ '__/ _` | | | |
 / ___ \ (_| (_|  __/ |  __/ | | (_| | |_| |
/_/   \_\___\___\___|_|\___|_|  \__, |\__, |
                                |___/ |___/ 

Info: generating outputs according to the following specified output flags... 
 Please use the -f flag to update the preference (default to all output files) 
{'ERT': 1, 'ERT_summary': 1, 'ART': 1, 'ART_summary': 1, 'energy_estimation': 1, 'flattened_arch': 1}
Info: config file located: /home/workspace/.config/accelergy/accelergy_config.yaml 
config file content: 
 {'version': 0.3, 'compound_components': [], 'estimator_plug_ins': ['/usr/local/share/accelergy/estimation_plug_ins'], 'primitive_components': ['/usr/local/share/accelergy/primitive_component_libs'], 'table_plug_ins': {'roots': ['/usr/local/share/accelergy/estimation_plug_ins/accelergy-table-based-plug-ins/set_of_table_templates']}}
Warn: Cannot recognize the top key "mapper" in file mapper/mapper.yaml 
Warn: Cannot recognize the top key "architecture_constraints" in file constraints_unknown_lanes/edge_tpu_like_arch_constraints.yaml 
Warn: Cannot recognize the top key "mapspace_constraints" in file constraints_unknown_lanes/edge_tpu_like_map_constraints.yaml 
Warn: Cannot recognize the top key "problem" in file ../../layer_shapes/CognitiveImpairmentDetection_Orig_5_sec/cnn_raw_layer3.yaml 
Info: Parsing file arch/edge_tpu_like_orig_paper_timeloop_accelergy_valid.yaml for architecture info 
Info: Found non-numeric expression 45nm. Available bindings: {'datawidth': 8, 'word-bits': 8, 'technology': '45nm'} 
WARN: Failed to evaluate "45nm". Setting System.technology="45nm". Available bindings: {'datawidth': 8, 'word-bits': 8, 'technology': '45nm'}
Info: Found non-numeric expression LPDDR4. Available bindings: {'type': 'LPDDR4', 'width': 64, 'block-size': 4, 'word-bits': 16, 'datawidth': 8, 'technology': '45nm'} 
WARN: Failed to evaluate "LPDDR4". Setting variables.type="LPDDR4". Available bindings: {'name': 'DRAM', 'class': 'DRAM', 'attributes': {'type': 'LPDDR4', 'width': 64, 'block-size': 4, 'word-bits': 16, 'datawidth': 8, 'technology': '45nm'}}
Info: Parsing file arch/components/reg_storage.yaml for compound_components info 
Info: Parsing file arch/components/smartbuffer_RF.yaml for compound_components info 
Info: Parsing file arch/components/smartbuffer_SRAM.yaml for compound_components info 
Info: primitive component file parsed:  /usr/local/share/accelergy/primitive_component_libs/pim_primitive_component.lib.yaml 
Info: primitive component file parsed:  /usr/local/share/accelergy/primitive_component_libs/soc_primitives.lib.yaml 
Info: primitive component file parsed:  /usr/local/share/accelergy/primitive_component_libs/primitive_component.lib.yaml 
Info: Found non-numeric expression 5ns. Available bindings: {'datawidth': 8, 'meshX': 4, 'word-bits': 8, 'technology': '45nm', 'num_pipeline_stages': 2, 'latency': '5ns'} 
WARN: Failed to evaluate "5ns". Setting System.edge_tpu_like_os.activation_storage.PE[0..15].core.compute_lanes[0..63].mac.latency="5ns". Available bindings: {'datawidth': 8, 'meshX': 4, 'word-bits': 8, 'technology': '45nm', 'num_pipeline_stages': 2, 'latency': '5ns'}
Info: Calculated "log(memory_depth)" = 9.010913347279288 
Info: Calculated "n_banks" = 1 
Info: Calculated "log(memory_depth)" = 11.472103470449973 
Info: Calculated "log(memory_depth)" = 5.545177444479562 
Info: Calculated "n_banks" = 32 
Info: Calculated "log(memory_depth)" = 7.6246189861593985 
Info: estimator plug-in identified by:  /usr/local/share/accelergy/estimation_plug_ins/accelergy-cacti-plug-in/cacti.estimator.yaml 
Info: estimator plug-in identified by:  /usr/local/share/accelergy/estimation_plug_ins/dummy_tables/dummy.estimator.yaml 
Info: estimator plug-in identified by:  /usr/local/share/accelergy/estimation_plug_ins/accelergy-table-based-plug-ins/table.estimator.yaml 
table-based-plug-ins Identifies a set of tables named:  test_tables
Info: estimator plug-in identified by:  /usr/local/share/accelergy/estimation_plug_ins/accelergy-aladdin-plug-in/aladdin.estimator.yaml 
Info: CACTI plug-in... Querying CACTI for request:
 {'class_name': 'SRAM', 'attributes': OrderedDict([('technology', '45nm'), ('width', 32), ('depth', 8192), ('n_rdwr_ports', 2), ('n_banks', 1), ('n_rd_ports', 0), ('n_wr_ports', 0), ('latency', '5ns')]), 'action_name': 'write', 'arguments': {'data_delta': 0, 'address_delta': 0}}
copy  /usr/local/share/accelergy/estimation_plug_ins/accelergy-cacti-plug-in/default_SRAM.cfg  to  /usr/local/share/accelergy/estimation_plug_ins/accelergy-cacti-plug-in/cacti/timeloop-mapper.05_03_08_01_27_SRAM.cfg
CACTI plug-in removing temp file:  /usr/local/share/accelergy/estimation_plug_ins/accelergy-cacti-plug-in/cacti/timeloop-mapper.05_03_08_01_27_SRAM.cfg
Info: CACTI plug-in... Querying CACTI for request:
 {'class_name': 'SRAM', 'attributes': OrderedDict([('technology', '45nm'), ('width', 32), ('depth', 96000), ('n_rdwr_ports', 2), ('n_banks', 1), ('n_rd_ports', 0), ('n_wr_ports', 0), ('latency', '5ns')]), 'action_name': 'write', 'arguments': {'data_delta': 0, 'address_delta': 0}}
copy  /usr/local/share/accelergy/estimation_plug_ins/accelergy-cacti-plug-in/default_SRAM.cfg  to  /usr/local/share/accelergy/estimation_plug_ins/accelergy-cacti-plug-in/cacti/timeloop-mapper.05_03_08_01_28_SRAM.cfg
CACTI plug-in removing temp file:  /usr/local/share/accelergy/estimation_plug_ins/accelergy-cacti-plug-in/cacti/timeloop-mapper.05_03_08_01_28_SRAM.cfg
Info: CACTI plug-in... Querying CACTI for request:
 {'class_name': 'SRAM', 'attributes': OrderedDict([('technology', '45nm'), ('width', 32), ('depth', 2048), ('n_rdwr_ports', 2), ('n_banks', 32), ('n_rd_ports', 0), ('n_wr_ports', 0), ('latency', '5ns')]), 'action_name': 'write', 'arguments': {'data_delta': 0, 'address_delta': 0}}
copy  /usr/local/share/accelergy/estimation_plug_ins/accelergy-cacti-plug-in/default_SRAM.cfg  to  /usr/local/share/accelergy/estimation_plug_ins/accelergy-cacti-plug-in/cacti/timeloop-mapper.05_03_08_01_29_SRAM.cfg
CACTI plug-in removing temp file:  /usr/local/share/accelergy/estimation_plug_ins/accelergy-cacti-plug-in/cacti/timeloop-mapper.05_03_08_01_29_SRAM.cfg
Warn: No action counts are specified as yaml input 
Info: flattened architecture is saved to: ./timeloop-mapper.flattened_architecture.yaml 
Info: energy reference table is saved to: ./timeloop-mapper.ERT.yaml 
Info: energy reference table summary is saved to: ./timeloop-mapper.ERT_summary.yaml 
Warn: no runtime energy estimations are generated... not generating energy_estimation.yaml 
Info: area reference table is saved to: ./timeloop-mapper.ART.yaml 
Info: area reference table summary is saved to: ./timeloop-mapper.ART_summary.yaml 
